0 verbose cli C:\Program Files\nodejs\node.exe C:\Program Files\nodejs\node_modules\npm\bin\npm-cli.js
1 info using npm@11.6.1
2 info using node@v24.11.0
3 silly config load:file:C:\Program Files\nodejs\node_modules\npm\npmrc
4 silly config load:file:D:\2026\Code\Journal\.npmrc
5 silly config load:file:C:\Users\renji\.npmrc
6 silly config load:file:C:\Users\renji\AppData\Roaming\npm\etc\npmrc
7 verbose title npm run build
8 verbose argv "run" "build"
9 verbose logfile logs-max:10 dir:D:\2026\Code\Journal\.npm-cache\_logs\2026-05-09T01_28_13_349Z-
10 verbose logfile D:\2026\Code\Journal\.npm-cache\_logs\2026-05-09T01_28_13_349Z-debug-0.log
11 silly logfile done cleaning log files
12 http fetch GET 200 https://registry.npmjs.org/npm 335ms
13 verbose cwd D:\2026\Code\Journal
14 verbose os Windows_NT 10.0.26200
15 verbose node v24.11.0
16 verbose npm  v11.6.1
17 notice
17 notice New minor version of npm available! 11.6.1 -> 11.14.1
17 notice Changelog: https://github.com/npm/cli/releases/tag/v11.14.1
17 notice To update run: npm install -g npm@11.14.1
17 notice  { force: true, Symbol(proc-log.meta): true }
18 verbose exit 1
19 verbose code 1
